<?xml version="1.0" encoding="UTF-8"?>
<!-- Generated by org.testng.reporters.JUnitReportReporter -->
<testsuite hostname="Honey" failures="0" tests="1" name="Honey.maven.Mavendemo" time="9.223" errors="0" timestamp="2023-11-10T13:07:40 IST" skipped="0">
  <testcase classname="Honey.maven.Mavendemo" name="testdemo" time="9.223"/>
</testsuite> <!-- Honey.maven.Mavendemo -->
